{"/home/runner/work/white-label-router/white-label-router/src/index.ts": {"path":"/home/runner/work/white-label-router/white-label-router/src/index.ts","all":false,"statementMap":{"0":{"start":{"line":1,"column":0},"end":{"line":1,"column":61}},"1":{"start":{"line":2,"column":0},"end":{"line":2,"column":63}},"2":{"start":{"line":3,"column":0},"end":{"line":3,"column":53}},"3":{"start":{"line":4,"column":0},"end":{"line":4,"column":128}},"4":{"start":{"line":5,"column":0},"end":{"line":5,"column":79}},"5":{"start":{"line":6,"column":0},"end":{"line":6,"column":62}},"6":{"start":{"line":7,"column":0},"end":{"line":7,"column":160}},"7":{"start":{"line":8,"column":0},"end":{"line":8,"column":40}},"8":{"start":{"line":9,"column":0},"end":{"line":9,"column":57}},"9":{"start":{"line":10,"column":0},"end":{"line":10,"column":30}},"10":{"start":{"line":11,"column":0},"end":{"line":11,"column":77}},"11":{"start":{"line":12,"column":0},"end":{"line":12,"column":89}},"12":{"start":{"line":13,"column":0},"end":{"line":13,"column":1}},"13":{"start":{"line":14,"column":0},"end":{"line":14,"column":0}},"14":{"start":{"line":15,"column":0},"end":{"line":15,"column":54}},"15":{"start":{"line":16,"column":0},"end":{"line":16,"column":58}},"16":{"start":{"line":17,"column":0},"end":{"line":17,"column":0}},"17":{"start":{"line":18,"column":0},"end":{"line":18,"column":88}},"18":{"start":{"line":19,"column":0},"end":{"line":19,"column":14}},"19":{"start":{"line":20,"column":0},"end":{"line":20,"column":34}},"20":{"start":{"line":21,"column":0},"end":{"line":21,"column":16}},"21":{"start":{"line":22,"column":0},"end":{"line":22,"column":25}},"22":{"start":{"line":23,"column":0},"end":{"line":23,"column":26}},"23":{"start":{"line":24,"column":0},"end":{"line":24,"column":33}},"24":{"start":{"line":25,"column":0},"end":{"line":25,"column":29}},"25":{"start":{"line":26,"column":0},"end":{"line":26,"column":41}},"26":{"start":{"line":27,"column":0},"end":{"line":27,"column":56}},"27":{"start":{"line":28,"column":0},"end":{"line":28,"column":53}},"28":{"start":{"line":29,"column":0},"end":{"line":29,"column":62}},"29":{"start":{"line":30,"column":0},"end":{"line":30,"column":34}},"30":{"start":{"line":31,"column":0},"end":{"line":31,"column":92}},"31":{"start":{"line":32,"column":0},"end":{"line":32,"column":0}},"32":{"start":{"line":33,"column":0},"end":{"line":33,"column":19}},"33":{"start":{"line":34,"column":0},"end":{"line":34,"column":23}},"34":{"start":{"line":35,"column":0},"end":{"line":35,"column":27}},"35":{"start":{"line":36,"column":0},"end":{"line":36,"column":23}},"36":{"start":{"line":37,"column":0},"end":{"line":37,"column":43}},"37":{"start":{"line":38,"column":0},"end":{"line":38,"column":39}},"38":{"start":{"line":39,"column":0},"end":{"line":39,"column":17}},"39":{"start":{"line":40,"column":0},"end":{"line":40,"column":13}},"40":{"start":{"line":41,"column":0},"end":{"line":41,"column":10}},"41":{"start":{"line":42,"column":0},"end":{"line":42,"column":22}},"42":{"start":{"line":43,"column":0},"end":{"line":43,"column":26}},"43":{"start":{"line":44,"column":0},"end":{"line":44,"column":26}},"44":{"start":{"line":45,"column":0},"end":{"line":45,"column":34}},"45":{"start":{"line":46,"column":0},"end":{"line":46,"column":30}},"46":{"start":{"line":47,"column":0},"end":{"line":47,"column":30}},"47":{"start":{"line":48,"column":0},"end":{"line":48,"column":71}},"48":{"start":{"line":49,"column":0},"end":{"line":49,"column":59}},"49":{"start":{"line":50,"column":0},"end":{"line":50,"column":53}},"50":{"start":{"line":51,"column":0},"end":{"line":51,"column":49}},"51":{"start":{"line":52,"column":0},"end":{"line":52,"column":10}},"52":{"start":{"line":53,"column":0},"end":{"line":53,"column":42}},"53":{"start":{"line":54,"column":0},"end":{"line":54,"column":5}},"54":{"start":{"line":55,"column":0},"end":{"line":55,"column":0}},"55":{"start":{"line":56,"column":0},"end":{"line":56,"column":66}},"56":{"start":{"line":57,"column":0},"end":{"line":57,"column":30}},"57":{"start":{"line":58,"column":0},"end":{"line":58,"column":32}},"58":{"start":{"line":59,"column":0},"end":{"line":59,"column":27}},"59":{"start":{"line":60,"column":0},"end":{"line":60,"column":33}},"60":{"start":{"line":61,"column":0},"end":{"line":61,"column":104}},"61":{"start":{"line":62,"column":0},"end":{"line":62,"column":31}},"62":{"start":{"line":63,"column":0},"end":{"line":63,"column":27}},"63":{"start":{"line":64,"column":0},"end":{"line":64,"column":9}},"64":{"start":{"line":65,"column":0},"end":{"line":65,"column":28}},"65":{"start":{"line":66,"column":0},"end":{"line":66,"column":43}},"66":{"start":{"line":67,"column":0},"end":{"line":67,"column":20}},"67":{"start":{"line":68,"column":0},"end":{"line":68,"column":5}},"68":{"start":{"line":69,"column":0},"end":{"line":69,"column":0}},"69":{"start":{"line":70,"column":0},"end":{"line":70,"column":71}},"70":{"start":{"line":71,"column":0},"end":{"line":71,"column":20}},"71":{"start":{"line":72,"column":0},"end":{"line":72,"column":53}},"72":{"start":{"line":73,"column":0},"end":{"line":73,"column":90}},"73":{"start":{"line":74,"column":0},"end":{"line":74,"column":83}},"74":{"start":{"line":75,"column":0},"end":{"line":75,"column":93}},"75":{"start":{"line":76,"column":0},"end":{"line":76,"column":41}},"76":{"start":{"line":77,"column":0},"end":{"line":77,"column":20}},"77":{"start":{"line":78,"column":0},"end":{"line":78,"column":5}},"78":{"start":{"line":79,"column":0},"end":{"line":79,"column":0}},"79":{"start":{"line":80,"column":0},"end":{"line":80,"column":15}},"80":{"start":{"line":81,"column":0},"end":{"line":81,"column":31}},"81":{"start":{"line":82,"column":0},"end":{"line":82,"column":20}},"82":{"start":{"line":83,"column":0},"end":{"line":83,"column":5}},"83":{"start":{"line":84,"column":0},"end":{"line":84,"column":0}},"84":{"start":{"line":85,"column":0},"end":{"line":85,"column":52}},"85":{"start":{"line":86,"column":0},"end":{"line":86,"column":23}},"86":{"start":{"line":87,"column":0},"end":{"line":87,"column":54}},"87":{"start":{"line":88,"column":0},"end":{"line":88,"column":93}},"88":{"start":{"line":89,"column":0},"end":{"line":89,"column":86}},"89":{"start":{"line":90,"column":0},"end":{"line":90,"column":105}},"90":{"start":{"line":91,"column":0},"end":{"line":91,"column":42}},"91":{"start":{"line":92,"column":0},"end":{"line":92,"column":20}},"92":{"start":{"line":93,"column":0},"end":{"line":93,"column":5}},"93":{"start":{"line":94,"column":0},"end":{"line":94,"column":0}},"94":{"start":{"line":95,"column":0},"end":{"line":95,"column":40}},"95":{"start":{"line":96,"column":0},"end":{"line":96,"column":40}},"96":{"start":{"line":97,"column":0},"end":{"line":97,"column":12}},"97":{"start":{"line":98,"column":0},"end":{"line":98,"column":33}},"98":{"start":{"line":99,"column":0},"end":{"line":99,"column":57}},"99":{"start":{"line":100,"column":0},"end":{"line":100,"column":60}},"100":{"start":{"line":101,"column":0},"end":{"line":101,"column":24}},"101":{"start":{"line":102,"column":0},"end":{"line":102,"column":0}},"102":{"start":{"line":103,"column":0},"end":{"line":103,"column":55}},"103":{"start":{"line":104,"column":0},"end":{"line":104,"column":39}},"104":{"start":{"line":105,"column":0},"end":{"line":105,"column":95}},"105":{"start":{"line":106,"column":0},"end":{"line":106,"column":10}},"106":{"start":{"line":107,"column":0},"end":{"line":107,"column":69}},"107":{"start":{"line":108,"column":0},"end":{"line":108,"column":55}},"108":{"start":{"line":109,"column":0},"end":{"line":109,"column":19}},"109":{"start":{"line":110,"column":0},"end":{"line":110,"column":35}},"110":{"start":{"line":111,"column":0},"end":{"line":111,"column":0}},"111":{"start":{"line":112,"column":0},"end":{"line":112,"column":53}},"112":{"start":{"line":113,"column":0},"end":{"line":113,"column":107}},"113":{"start":{"line":114,"column":0},"end":{"line":114,"column":0}},"114":{"start":{"line":115,"column":0},"end":{"line":115,"column":122}},"115":{"start":{"line":116,"column":0},"end":{"line":116,"column":70}},"116":{"start":{"line":117,"column":0},"end":{"line":117,"column":0}},"117":{"start":{"line":118,"column":0},"end":{"line":118,"column":27}},"118":{"start":{"line":119,"column":0},"end":{"line":119,"column":76}},"119":{"start":{"line":120,"column":0},"end":{"line":120,"column":44}},"120":{"start":{"line":121,"column":0},"end":{"line":121,"column":20}},"121":{"start":{"line":122,"column":0},"end":{"line":122,"column":5}},"122":{"start":{"line":123,"column":0},"end":{"line":123,"column":0}},"123":{"start":{"line":124,"column":0},"end":{"line":124,"column":38}},"124":{"start":{"line":125,"column":0},"end":{"line":125,"column":40}},"125":{"start":{"line":126,"column":0},"end":{"line":126,"column":100}},"126":{"start":{"line":127,"column":0},"end":{"line":127,"column":43}},"127":{"start":{"line":128,"column":0},"end":{"line":128,"column":20}},"128":{"start":{"line":129,"column":0},"end":{"line":129,"column":5}},"129":{"start":{"line":130,"column":0},"end":{"line":130,"column":0}},"130":{"start":{"line":131,"column":0},"end":{"line":131,"column":43}},"131":{"start":{"line":132,"column":0},"end":{"line":132,"column":68}},"132":{"start":{"line":133,"column":0},"end":{"line":133,"column":5}},"133":{"start":{"line":134,"column":0},"end":{"line":134,"column":0}},"134":{"start":{"line":135,"column":0},"end":{"line":135,"column":35}},"135":{"start":{"line":136,"column":0},"end":{"line":136,"column":79}},"136":{"start":{"line":137,"column":0},"end":{"line":137,"column":34}},"137":{"start":{"line":138,"column":0},"end":{"line":138,"column":5}},"138":{"start":{"line":139,"column":0},"end":{"line":139,"column":0}},"139":{"start":{"line":140,"column":0},"end":{"line":140,"column":71}},"140":{"start":{"line":141,"column":0},"end":{"line":141,"column":39}},"141":{"start":{"line":142,"column":0},"end":{"line":142,"column":42}},"142":{"start":{"line":143,"column":0},"end":{"line":143,"column":66}},"143":{"start":{"line":144,"column":0},"end":{"line":144,"column":5}},"144":{"start":{"line":145,"column":0},"end":{"line":145,"column":0}},"145":{"start":{"line":146,"column":0},"end":{"line":146,"column":52}},"146":{"start":{"line":147,"column":0},"end":{"line":147,"column":50}},"147":{"start":{"line":148,"column":0},"end":{"line":148,"column":91}},"148":{"start":{"line":149,"column":0},"end":{"line":149,"column":29}},"149":{"start":{"line":150,"column":0},"end":{"line":150,"column":26}},"150":{"start":{"line":151,"column":0},"end":{"line":151,"column":62}},"151":{"start":{"line":152,"column":0},"end":{"line":152,"column":10}},"152":{"start":{"line":153,"column":0},"end":{"line":153,"column":55}},"153":{"start":{"line":154,"column":0},"end":{"line":154,"column":39}},"154":{"start":{"line":155,"column":0},"end":{"line":155,"column":23}},"155":{"start":{"line":156,"column":0},"end":{"line":156,"column":28}},"156":{"start":{"line":157,"column":0},"end":{"line":157,"column":30}},"157":{"start":{"line":158,"column":0},"end":{"line":158,"column":92}},"158":{"start":{"line":159,"column":0},"end":{"line":159,"column":15}},"159":{"start":{"line":160,"column":0},"end":{"line":160,"column":79}},"160":{"start":{"line":161,"column":0},"end":{"line":161,"column":5}},"161":{"start":{"line":162,"column":0},"end":{"line":162,"column":0}},"162":{"start":{"line":163,"column":0},"end":{"line":163,"column":36}},"163":{"start":{"line":164,"column":0},"end":{"line":164,"column":42}},"164":{"start":{"line":165,"column":0},"end":{"line":165,"column":34}},"165":{"start":{"line":166,"column":0},"end":{"line":166,"column":24}},"166":{"start":{"line":167,"column":0},"end":{"line":167,"column":9}},"167":{"start":{"line":168,"column":0},"end":{"line":168,"column":78}},"168":{"start":{"line":169,"column":0},"end":{"line":169,"column":42}},"169":{"start":{"line":170,"column":0},"end":{"line":170,"column":62}},"170":{"start":{"line":171,"column":0},"end":{"line":171,"column":36}},"171":{"start":{"line":172,"column":0},"end":{"line":172,"column":89}},"172":{"start":{"line":173,"column":0},"end":{"line":173,"column":25}},"173":{"start":{"line":174,"column":0},"end":{"line":174,"column":94}},"174":{"start":{"line":175,"column":0},"end":{"line":175,"column":31}},"175":{"start":{"line":176,"column":0},"end":{"line":176,"column":13}},"176":{"start":{"line":177,"column":0},"end":{"line":177,"column":9}},"177":{"start":{"line":178,"column":0},"end":{"line":178,"column":20}},"178":{"start":{"line":179,"column":0},"end":{"line":179,"column":5}},"179":{"start":{"line":180,"column":0},"end":{"line":180,"column":0}},"180":{"start":{"line":181,"column":0},"end":{"line":181,"column":79}},"181":{"start":{"line":182,"column":0},"end":{"line":182,"column":48}},"182":{"start":{"line":183,"column":0},"end":{"line":183,"column":54}},"183":{"start":{"line":184,"column":0},"end":{"line":184,"column":26}},"184":{"start":{"line":185,"column":0},"end":{"line":185,"column":58}},"185":{"start":{"line":186,"column":0},"end":{"line":186,"column":0}},"186":{"start":{"line":187,"column":0},"end":{"line":187,"column":42}},"187":{"start":{"line":188,"column":0},"end":{"line":188,"column":103}},"188":{"start":{"line":189,"column":0},"end":{"line":189,"column":35}},"189":{"start":{"line":190,"column":0},"end":{"line":190,"column":22}},"190":{"start":{"line":191,"column":0},"end":{"line":191,"column":13}},"191":{"start":{"line":192,"column":0},"end":{"line":192,"column":9}},"192":{"start":{"line":193,"column":0},"end":{"line":193,"column":0}},"193":{"start":{"line":194,"column":0},"end":{"line":194,"column":43}},"194":{"start":{"line":195,"column":0},"end":{"line":195,"column":83}},"195":{"start":{"line":196,"column":0},"end":{"line":196,"column":0}},"196":{"start":{"line":197,"column":0},"end":{"line":197,"column":25}},"197":{"start":{"line":198,"column":0},"end":{"line":198,"column":54}},"198":{"start":{"line":199,"column":0},"end":{"line":199,"column":127}},"199":{"start":{"line":200,"column":0},"end":{"line":200,"column":29}},"200":{"start":{"line":201,"column":0},"end":{"line":201,"column":13}},"201":{"start":{"line":202,"column":0},"end":{"line":202,"column":94}},"202":{"start":{"line":203,"column":0},"end":{"line":203,"column":123}},"203":{"start":{"line":204,"column":0},"end":{"line":204,"column":69}},"204":{"start":{"line":205,"column":0},"end":{"line":205,"column":13}},"205":{"start":{"line":206,"column":0},"end":{"line":206,"column":49}},"206":{"start":{"line":207,"column":0},"end":{"line":207,"column":56}},"207":{"start":{"line":208,"column":0},"end":{"line":208,"column":61}},"208":{"start":{"line":209,"column":0},"end":{"line":209,"column":61}},"209":{"start":{"line":210,"column":0},"end":{"line":210,"column":89}},"210":{"start":{"line":211,"column":0},"end":{"line":211,"column":72}},"211":{"start":{"line":212,"column":0},"end":{"line":212,"column":20}},"212":{"start":{"line":213,"column":0},"end":{"line":213,"column":29}},"213":{"start":{"line":214,"column":0},"end":{"line":214,"column":13}},"214":{"start":{"line":215,"column":0},"end":{"line":215,"column":44}},"215":{"start":{"line":216,"column":0},"end":{"line":216,"column":44}},"216":{"start":{"line":217,"column":0},"end":{"line":217,"column":9}},"217":{"start":{"line":218,"column":0},"end":{"line":218,"column":0}},"218":{"start":{"line":219,"column":0},"end":{"line":219,"column":41}},"219":{"start":{"line":220,"column":0},"end":{"line":220,"column":79}},"220":{"start":{"line":221,"column":0},"end":{"line":221,"column":9}},"221":{"start":{"line":222,"column":0},"end":{"line":222,"column":20}},"222":{"start":{"line":223,"column":0},"end":{"line":223,"column":5}},"223":{"start":{"line":224,"column":0},"end":{"line":224,"column":1}},"224":{"start":{"line":225,"column":0},"end":{"line":225,"column":0}},"225":{"start":{"line":226,"column":0},"end":{"line":226,"column":18}},"226":{"start":{"line":227,"column":0},"end":{"line":227,"column":39}},"227":{"start":{"line":228,"column":0},"end":{"line":228,"column":51}},"228":{"start":{"line":229,"column":0},"end":{"line":229,"column":40}},"229":{"start":{"line":230,"column":0},"end":{"line":230,"column":44}},"230":{"start":{"line":231,"column":0},"end":{"line":231,"column":1}},"231":{"start":{"line":232,"column":0},"end":{"line":232,"column":16}}},"s":{"0":1,"1":1,"2":1,"3":1,"4":1,"5":1,"6":1,"7":1,"8":1,"9":1,"10":1,"11":1,"12":1,"13":1,"14":1,"15":1,"16":1,"17":1,"18":1,"19":1,"20":14,"21":14,"22":14,"23":14,"24":14,"25":14,"26":14,"27":14,"28":14,"29":14,"30":1,"31":1,"32":1,"33":14,"34":14,"35":14,"36":14,"37":14,"38":14,"39":14,"40":14,"41":14,"42":14,"43":14,"44":14,"45":14,"46":14,"47":14,"48":14,"49":14,"50":2,"51":14,"52":14,"53":14,"54":1,"55":1,"56":1,"57":6,"58":3,"59":3,"60":1,"61":3,"62":1,"63":1,"64":6,"65":6,"66":6,"67":6,"68":1,"69":1,"70":1,"71":12,"72":10,"73":10,"74":12,"75":9,"76":9,"77":9,"78":1,"79":1,"80":4,"81":4,"82":4,"83":1,"84":1,"85":1,"86":7,"87":6,"88":6,"89":7,"90":6,"91":6,"92":6,"93":1,"94":1,"95":20,"96":19,"97":19,"98":20,"99":20,"100":20,"101":11,"102":11,"103":18,"104":10,"105":20,"106":20,"107":20,"108":20,"109":20,"110":8,"111":8,"112":20,"113":6,"114":20,"115":20,"116":4,"117":4,"118":4,"119":4,"120":4,"121":4,"122":1,"123":1,"124":4,"125":4,"126":4,"127":4,"128":4,"129":1,"130":1,"131":27,"132":27,"133":1,"134":1,"135":81,"136":81,"137":81,"138":1,"139":1,"140":1,"141":27,"142":27,"143":27,"144":1,"145":1,"146":27,"147":27,"148":27,"149":27,"150":27,"151":27,"152":27,"153":27,"154":27,"155":27,"156":27,"157":13,"158":27,"159":27,"160":27,"161":1,"162":1,"163":25,"164":5,"165":5,"166":5,"167":25,"168":25,"169":17,"170":17,"171":15,"172":15,"173":2,"174":2,"175":2,"176":15,"177":16,"178":16,"179":1,"180":1,"181":27,"182":27,"183":27,"184":27,"185":27,"186":27,"187":65,"188":15,"189":15,"190":15,"191":65,"192":27,"193":27,"194":27,"195":27,"196":27,"197":25,"198":25,"199":2,"200":2,"201":25,"202":25,"203":8,"204":8,"205":25,"206":4,"207":25,"208":3,"209":19,"210":14,"211":16,"212":2,"213":2,"214":21,"215":21,"216":21,"217":23,"218":27,"219":12,"220":12,"221":23,"222":23,"223":1,"224":1,"225":1,"226":1,"227":1,"228":1,"229":1,"230":1,"231":1},"branchMap":{"0":{"type":"branch","line":15,"loc":{"start":{"line":15,"column":18},"end":{"line":15,"column":53}},"locations":[{"start":{"line":15,"column":18},"end":{"line":15,"column":53}}]},"1":{"type":"branch","line":16,"loc":{"start":{"line":16,"column":20},"end":{"line":16,"column":57}},"locations":[{"start":{"line":16,"column":20},"end":{"line":16,"column":57}}]},"2":{"type":"branch","line":20,"loc":{"start":{"line":20,"column":4},"end":{"line":31,"column":91}},"locations":[{"start":{"line":20,"column":4},"end":{"line":31,"column":91}}]},"3":{"type":"branch","line":33,"loc":{"start":{"line":33,"column":4},"end":{"line":54,"column":5}},"locations":[{"start":{"line":33,"column":4},"end":{"line":54,"column":5}}]},"4":{"type":"branch","line":37,"loc":{"start":{"line":37,"column":32},"end":{"line":37,"column":42}},"locations":[{"start":{"line":37,"column":32},"end":{"line":37,"column":42}}]},"5":{"type":"branch","line":38,"loc":{"start":{"line":38,"column":29},"end":{"line":38,"column":39}},"locations":[{"start":{"line":38,"column":29},"end":{"line":38,"column":39}}]},"6":{"type":"branch","line":50,"loc":{"start":{"line":50,"column":37},"end":{"line":52,"column":9}},"locations":[{"start":{"line":50,"column":37},"end":{"line":52,"column":9}}]},"7":{"type":"branch","line":57,"loc":{"start":{"line":57,"column":4},"end":{"line":68,"column":5}},"locations":[{"start":{"line":57,"column":4},"end":{"line":68,"column":5}}]},"8":{"type":"branch","line":58,"loc":{"start":{"line":58,"column":31},"end":{"line":64,"column":9}},"locations":[{"start":{"line":58,"column":31},"end":{"line":64,"column":9}}]},"9":{"type":"branch","line":60,"loc":{"start":{"line":60,"column":32},"end":{"line":62,"column":9}},"locations":[{"start":{"line":60,"column":32},"end":{"line":62,"column":9}}]},"10":{"type":"branch","line":62,"loc":{"start":{"line":62,"column":9},"end":{"line":64,"column":9}},"locations":[{"start":{"line":62,"column":9},"end":{"line":64,"column":9}}]},"11":{"type":"branch","line":62,"loc":{"start":{"line":62,"column":30},"end":{"line":64,"column":9}},"locations":[{"start":{"line":62,"column":30},"end":{"line":64,"column":9}}]},"12":{"type":"branch","line":71,"loc":{"start":{"line":71,"column":4},"end":{"line":78,"column":5}},"locations":[{"start":{"line":71,"column":4},"end":{"line":78,"column":5}}]},"13":{"type":"branch","line":72,"loc":{"start":{"line":72,"column":39},"end":{"line":75,"column":27}},"locations":[{"start":{"line":72,"column":39},"end":{"line":75,"column":27}}]},"14":{"type":"branch","line":72,"loc":{"start":{"line":72,"column":39},"end":{"line":72,"column":53}},"locations":[{"start":{"line":72,"column":39},"end":{"line":72,"column":53}}]},"15":{"type":"branch","line":73,"loc":{"start":{"line":73,"column":-1},"end":{"line":73,"column":27}},"locations":[{"start":{"line":73,"column":-1},"end":{"line":73,"column":27}}]},"16":{"type":"branch","line":73,"loc":{"start":{"line":73,"column":27},"end":{"line":73,"column":90}},"locations":[{"start":{"line":73,"column":27},"end":{"line":73,"column":90}}]},"17":{"type":"branch","line":74,"loc":{"start":{"line":74,"column":-1},"end":{"line":74,"column":25}},"locations":[{"start":{"line":74,"column":-1},"end":{"line":74,"column":25}}]},"18":{"type":"branch","line":74,"loc":{"start":{"line":74,"column":25},"end":{"line":74,"column":83}},"locations":[{"start":{"line":74,"column":25},"end":{"line":74,"column":83}}]},"19":{"type":"branch","line":75,"loc":{"start":{"line":75,"column":-1},"end":{"line":75,"column":27}},"locations":[{"start":{"line":75,"column":-1},"end":{"line":75,"column":27}}]},"20":{"type":"branch","line":75,"loc":{"start":{"line":75,"column":27},"end":{"line":75,"column":93}},"locations":[{"start":{"line":75,"column":27},"end":{"line":75,"column":93}}]},"21":{"type":"branch","line":76,"loc":{"start":{"line":76,"column":-1},"end":{"line":78,"column":5}},"locations":[{"start":{"line":76,"column":-1},"end":{"line":78,"column":5}}]},"22":{"type":"branch","line":80,"loc":{"start":{"line":80,"column":4},"end":{"line":83,"column":5}},"locations":[{"start":{"line":80,"column":4},"end":{"line":83,"column":5}}]},"23":{"type":"branch","line":86,"loc":{"start":{"line":86,"column":4},"end":{"line":93,"column":5}},"locations":[{"start":{"line":86,"column":4},"end":{"line":93,"column":5}}]},"24":{"type":"branch","line":87,"loc":{"start":{"line":87,"column":40},"end":{"line":87,"column":54}},"locations":[{"start":{"line":87,"column":40},"end":{"line":87,"column":54}}]},"25":{"type":"branch","line":88,"loc":{"start":{"line":88,"column":-1},"end":{"line":90,"column":27}},"locations":[{"start":{"line":88,"column":-1},"end":{"line":90,"column":27}}]},"26":{"type":"branch","line":88,"loc":{"start":{"line":88,"column":27},"end":{"line":88,"column":93}},"locations":[{"start":{"line":88,"column":27},"end":{"line":88,"column":93}}]},"27":{"type":"branch","line":89,"loc":{"start":{"line":89,"column":25},"end":{"line":89,"column":86}},"locations":[{"start":{"line":89,"column":25},"end":{"line":89,"column":86}}]},"28":{"type":"branch","line":90,"loc":{"start":{"line":90,"column":27},"end":{"line":90,"column":105}},"locations":[{"start":{"line":90,"column":27},"end":{"line":90,"column":105}}]},"29":{"type":"branch","line":91,"loc":{"start":{"line":91,"column":-1},"end":{"line":93,"column":5}},"locations":[{"start":{"line":91,"column":-1},"end":{"line":93,"column":5}}]},"30":{"type":"branch","line":95,"loc":{"start":{"line":95,"column":4},"end":{"line":122,"column":5}},"locations":[{"start":{"line":95,"column":4},"end":{"line":122,"column":5}}]},"31":{"type":"branch","line":96,"loc":{"start":{"line":96,"column":26},"end":{"line":96,"column":40}},"locations":[{"start":{"line":96,"column":26},"end":{"line":96,"column":40}}]},"32":{"type":"branch","line":97,"loc":{"start":{"line":97,"column":-1},"end":{"line":99,"column":54}},"locations":[{"start":{"line":97,"column":-1},"end":{"line":99,"column":54}}]},"33":{"type":"branch","line":98,"loc":{"start":{"line":98,"column":30},"end":{"line":99,"column":54}},"locations":[{"start":{"line":98,"column":30},"end":{"line":99,"column":54}}]},"34":{"type":"branch","line":99,"loc":{"start":{"line":99,"column":35},"end":{"line":99,"column":53}},"locations":[{"start":{"line":99,"column":35},"end":{"line":99,"column":53}}]},"35":{"type":"branch","line":99,"loc":{"start":{"line":99,"column":54},"end":{"line":100,"column":21}},"locations":[{"start":{"line":99,"column":54},"end":{"line":100,"column":21}}]},"36":{"type":"branch","line":100,"loc":{"start":{"line":100,"column":21},"end":{"line":100,"column":34}},"locations":[{"start":{"line":100,"column":21},"end":{"line":100,"column":34}}]},"37":{"type":"branch","line":100,"loc":{"start":{"line":100,"column":34},"end":{"line":100,"column":48}},"locations":[{"start":{"line":100,"column":34},"end":{"line":100,"column":48}}]},"38":{"type":"branch","line":100,"loc":{"start":{"line":100,"column":48},"end":{"line":100,"column":60}},"locations":[{"start":{"line":100,"column":48},"end":{"line":100,"column":60}}]},"39":{"type":"branch","line":101,"loc":{"start":{"line":101,"column":10},"end":{"line":105,"column":95}},"locations":[{"start":{"line":101,"column":10},"end":{"line":105,"column":95}}]},"40":{"type":"branch","line":101,"loc":{"start":{"line":101,"column":10},"end":{"line":101,"column":24}},"locations":[{"start":{"line":101,"column":10},"end":{"line":101,"column":24}}]},"41":{"type":"branch","line":102,"loc":{"start":{"line":102,"column":-1},"end":{"line":105,"column":95}},"locations":[{"start":{"line":102,"column":-1},"end":{"line":105,"column":95}}]},"42":{"type":"branch","line":102,"loc":{"start":{"line":102,"column":-1},"end":{"line":104,"column":38}},"locations":[{"start":{"line":102,"column":-1},"end":{"line":104,"column":38}}]},"43":{"type":"branch","line":104,"loc":{"start":{"line":104,"column":34},"end":{"line":105,"column":95}},"locations":[{"start":{"line":104,"column":34},"end":{"line":105,"column":95}}]},"44":{"type":"branch","line":105,"loc":{"start":{"line":105,"column":54},"end":{"line":105,"column":67}},"locations":[{"start":{"line":105,"column":54},"end":{"line":105,"column":67}}]},"45":{"type":"branch","line":105,"loc":{"start":{"line":105,"column":68},"end":{"line":105,"column":95}},"locations":[{"start":{"line":105,"column":68},"end":{"line":105,"column":95}}]},"46":{"type":"branch","line":107,"loc":{"start":{"line":107,"column":29},"end":{"line":107,"column":69}},"locations":[{"start":{"line":107,"column":29},"end":{"line":107,"column":69}}]},"47":{"type":"branch","line":108,"loc":{"start":{"line":108,"column":12},"end":{"line":108,"column":55}},"locations":[{"start":{"line":108,"column":12},"end":{"line":108,"column":55}}]},"48":{"type":"branch","line":109,"loc":{"start":{"line":109,"column":12},"end":{"line":109,"column":18}},"locations":[{"start":{"line":109,"column":12},"end":{"line":109,"column":18}}]},"49":{"type":"branch","line":110,"loc":{"start":{"line":110,"column":21},"end":{"line":113,"column":91}},"locations":[{"start":{"line":110,"column":21},"end":{"line":113,"column":91}}]},"50":{"type":"branch","line":110,"loc":{"start":{"line":110,"column":21},"end":{"line":110,"column":35}},"locations":[{"start":{"line":110,"column":21},"end":{"line":110,"column":35}}]},"51":{"type":"branch","line":111,"loc":{"start":{"line":111,"column":-1},"end":{"line":113,"column":91}},"locations":[{"start":{"line":111,"column":-1},"end":{"line":113,"column":91}}]},"52":{"type":"branch","line":111,"loc":{"start":{"line":111,"column":-1},"end":{"line":113,"column":47}},"locations":[{"start":{"line":111,"column":-1},"end":{"line":113,"column":47}}]},"53":{"type":"branch","line":113,"loc":{"start":{"line":113,"column":43},"end":{"line":113,"column":91}},"locations":[{"start":{"line":113,"column":43},"end":{"line":113,"column":91}}]},"54":{"type":"branch","line":113,"loc":{"start":{"line":113,"column":54},"end":{"line":113,"column":90}},"locations":[{"start":{"line":113,"column":54},"end":{"line":113,"column":90}}]},"55":{"type":"branch","line":113,"loc":{"start":{"line":113,"column":93},"end":{"line":115,"column":66}},"locations":[{"start":{"line":113,"column":93},"end":{"line":115,"column":66}}]},"56":{"type":"branch","line":113,"loc":{"start":{"line":113,"column":93},"end":{"line":113,"column":107}},"locations":[{"start":{"line":113,"column":93},"end":{"line":113,"column":107}}]},"57":{"type":"branch","line":114,"loc":{"start":{"line":114,"column":-1},"end":{"line":115,"column":64}},"locations":[{"start":{"line":114,"column":-1},"end":{"line":115,"column":64}}]},"58":{"type":"branch","line":115,"loc":{"start":{"line":115,"column":60},"end":{"line":115,"column":66}},"locations":[{"start":{"line":115,"column":60},"end":{"line":115,"column":66}}]},"59":{"type":"branch","line":115,"loc":{"start":{"line":115,"column":88},"end":{"line":115,"column":120}},"locations":[{"start":{"line":115,"column":88},"end":{"line":115,"column":120}}]},"60":{"type":"branch","line":116,"loc":{"start":{"line":116,"column":56},"end":{"line":122,"column":5}},"locations":[{"start":{"line":116,"column":56},"end":{"line":122,"column":5}}]},"61":{"type":"branch","line":116,"loc":{"start":{"line":116,"column":56},"end":{"line":116,"column":70}},"locations":[{"start":{"line":116,"column":56},"end":{"line":116,"column":70}}]},"62":{"type":"branch","line":117,"loc":{"start":{"line":117,"column":-1},"end":{"line":122,"column":5}},"locations":[{"start":{"line":117,"column":-1},"end":{"line":122,"column":5}}]},"63":{"type":"branch","line":124,"loc":{"start":{"line":124,"column":4},"end":{"line":129,"column":5}},"locations":[{"start":{"line":124,"column":4},"end":{"line":129,"column":5}}]},"64":{"type":"branch","line":125,"loc":{"start":{"line":125,"column":26},"end":{"line":125,"column":40}},"locations":[{"start":{"line":125,"column":26},"end":{"line":125,"column":40}}]},"65":{"type":"branch","line":126,"loc":{"start":{"line":126,"column":-1},"end":{"line":126,"column":98}},"locations":[{"start":{"line":126,"column":-1},"end":{"line":126,"column":98}}]},"66":{"type":"branch","line":126,"loc":{"start":{"line":126,"column":92},"end":{"line":126,"column":98}},"locations":[{"start":{"line":126,"column":92},"end":{"line":126,"column":98}}]},"67":{"type":"branch","line":131,"loc":{"start":{"line":131,"column":4},"end":{"line":133,"column":5}},"locations":[{"start":{"line":131,"column":4},"end":{"line":133,"column":5}}]},"68":{"type":"branch","line":135,"loc":{"start":{"line":135,"column":12},"end":{"line":138,"column":5}},"locations":[{"start":{"line":135,"column":12},"end":{"line":138,"column":5}}]},"69":{"type":"branch","line":136,"loc":{"start":{"line":136,"column":33},"end":{"line":136,"column":57}},"locations":[{"start":{"line":136,"column":33},"end":{"line":136,"column":57}}]},"70":{"type":"branch","line":136,"loc":{"start":{"line":136,"column":58},"end":{"line":136,"column":78}},"locations":[{"start":{"line":136,"column":58},"end":{"line":136,"column":78}}]},"71":{"type":"branch","line":141,"loc":{"start":{"line":141,"column":12},"end":{"line":144,"column":5}},"locations":[{"start":{"line":141,"column":12},"end":{"line":144,"column":5}}]},"72":{"type":"branch","line":146,"loc":{"start":{"line":146,"column":4},"end":{"line":161,"column":5}},"locations":[{"start":{"line":146,"column":4},"end":{"line":161,"column":5}}]},"73":{"type":"branch","line":148,"loc":{"start":{"line":148,"column":39},"end":{"line":148,"column":72}},"locations":[{"start":{"line":148,"column":39},"end":{"line":148,"column":72}}]},"74":{"type":"branch","line":148,"loc":{"start":{"line":148,"column":73},"end":{"line":148,"column":85}},"locations":[{"start":{"line":148,"column":73},"end":{"line":148,"column":85}}]},"75":{"type":"branch","line":148,"loc":{"start":{"line":148,"column":86},"end":{"line":148,"column":90}},"locations":[{"start":{"line":148,"column":86},"end":{"line":148,"column":90}}]},"76":{"type":"branch","line":157,"loc":{"start":{"line":157,"column":17},"end":{"line":159,"column":13}},"locations":[{"start":{"line":157,"column":17},"end":{"line":159,"column":13}}]},"77":{"type":"branch","line":158,"loc":{"start":{"line":158,"column":59},"end":{"line":158,"column":92}},"locations":[{"start":{"line":158,"column":59},"end":{"line":158,"column":92}}]},"78":{"type":"branch","line":163,"loc":{"start":{"line":163,"column":4},"end":{"line":179,"column":5}},"locations":[{"start":{"line":163,"column":4},"end":{"line":179,"column":5}}]},"79":{"type":"branch","line":164,"loc":{"start":{"line":164,"column":41},"end":{"line":167,"column":9}},"locations":[{"start":{"line":164,"column":41},"end":{"line":167,"column":9}}]},"80":{"type":"branch","line":168,"loc":{"start":{"line":168,"column":-1},"end":{"line":168,"column":70}},"locations":[{"start":{"line":168,"column":-1},"end":{"line":168,"column":70}}]},"81":{"type":"branch","line":168,"loc":{"start":{"line":168,"column":-1},"end":{"line":168,"column":57}},"locations":[{"start":{"line":168,"column":-1},"end":{"line":168,"column":57}}]},"82":{"type":"branch","line":168,"loc":{"start":{"line":168,"column":57},"end":{"line":168,"column":70}},"locations":[{"start":{"line":168,"column":57},"end":{"line":168,"column":70}}]},"83":{"type":"branch","line":168,"loc":{"start":{"line":168,"column":71},"end":{"line":168,"column":77}},"locations":[{"start":{"line":168,"column":71},"end":{"line":168,"column":77}}]},"84":{"type":"branch","line":169,"loc":{"start":{"line":169,"column":28},"end":{"line":179,"column":5}},"locations":[{"start":{"line":169,"column":28},"end":{"line":179,"column":5}}]},"85":{"type":"branch","line":169,"loc":{"start":{"line":169,"column":28},"end":{"line":169,"column":42}},"locations":[{"start":{"line":169,"column":28},"end":{"line":169,"column":42}}]},"86":{"type":"branch","line":170,"loc":{"start":{"line":170,"column":-1},"end":{"line":179,"column":5}},"locations":[{"start":{"line":170,"column":-1},"end":{"line":179,"column":5}}]},"87":{"type":"branch","line":170,"loc":{"start":{"line":170,"column":-1},"end":{"line":170,"column":28}},"locations":[{"start":{"line":170,"column":-1},"end":{"line":170,"column":28}}]},"88":{"type":"branch","line":170,"loc":{"start":{"line":170,"column":28},"end":{"line":170,"column":62}},"locations":[{"start":{"line":170,"column":28},"end":{"line":170,"column":62}}]},"89":{"type":"branch","line":171,"loc":{"start":{"line":171,"column":-1},"end":{"line":171,"column":35}},"locations":[{"start":{"line":171,"column":-1},"end":{"line":171,"column":35}}]},"90":{"type":"branch","line":171,"loc":{"start":{"line":171,"column":35},"end":{"line":177,"column":9}},"locations":[{"start":{"line":171,"column":35},"end":{"line":177,"column":9}}]},"91":{"type":"branch","line":172,"loc":{"start":{"line":172,"column":74},"end":{"line":172,"column":87}},"locations":[{"start":{"line":172,"column":74},"end":{"line":172,"column":87}}]},"92":{"type":"branch","line":173,"loc":{"start":{"line":173,"column":24},"end":{"line":176,"column":13}},"locations":[{"start":{"line":173,"column":24},"end":{"line":176,"column":13}}]},"93":{"type":"branch","line":174,"loc":{"start":{"line":174,"column":54},"end":{"line":174,"column":94}},"locations":[{"start":{"line":174,"column":54},"end":{"line":174,"column":94}}]},"94":{"type":"branch","line":178,"loc":{"start":{"line":178,"column":-1},"end":{"line":179,"column":5}},"locations":[{"start":{"line":178,"column":-1},"end":{"line":179,"column":5}}]},"95":{"type":"branch","line":181,"loc":{"start":{"line":181,"column":4},"end":{"line":223,"column":5}},"locations":[{"start":{"line":181,"column":4},"end":{"line":223,"column":5}}]},"96":{"type":"branch","line":182,"loc":{"start":{"line":182,"column":31},"end":{"line":182,"column":48}},"locations":[{"start":{"line":182,"column":31},"end":{"line":182,"column":48}}]},"97":{"type":"branch","line":183,"loc":{"start":{"line":183,"column":45},"end":{"line":183,"column":52}},"locations":[{"start":{"line":183,"column":45},"end":{"line":183,"column":52}}]},"98":{"type":"branch","line":187,"loc":{"start":{"line":187,"column":41},"end":{"line":192,"column":9}},"locations":[{"start":{"line":187,"column":41},"end":{"line":192,"column":9}}]},"99":{"type":"branch","line":188,"loc":{"start":{"line":188,"column":40},"end":{"line":188,"column":100}},"locations":[{"start":{"line":188,"column":40},"end":{"line":188,"column":100}}]},"100":{"type":"branch","line":188,"loc":{"start":{"line":188,"column":63},"end":{"line":188,"column":99}},"locations":[{"start":{"line":188,"column":63},"end":{"line":188,"column":99}}]},"101":{"type":"branch","line":188,"loc":{"start":{"line":188,"column":102},"end":{"line":191,"column":13}},"locations":[{"start":{"line":188,"column":102},"end":{"line":191,"column":13}}]},"102":{"type":"branch","line":195,"loc":{"start":{"line":195,"column":23},"end":{"line":195,"column":51}},"locations":[{"start":{"line":195,"column":23},"end":{"line":195,"column":51}}]},"103":{"type":"branch","line":195,"loc":{"start":{"line":195,"column":53},"end":{"line":195,"column":83}},"locations":[{"start":{"line":195,"column":53},"end":{"line":195,"column":83}}]},"104":{"type":"branch","line":197,"loc":{"start":{"line":197,"column":24},"end":{"line":217,"column":9}},"locations":[{"start":{"line":197,"column":24},"end":{"line":217,"column":9}}]},"105":{"type":"branch","line":199,"loc":{"start":{"line":199,"column":46},"end":{"line":199,"column":65}},"locations":[{"start":{"line":199,"column":46},"end":{"line":199,"column":65}}]},"106":{"type":"branch","line":199,"loc":{"start":{"line":199,"column":65},"end":{"line":199,"column":124}},"locations":[{"start":{"line":199,"column":65},"end":{"line":199,"column":124}}]},"107":{"type":"branch","line":199,"loc":{"start":{"line":199,"column":126},"end":{"line":201,"column":13}},"locations":[{"start":{"line":199,"column":126},"end":{"line":201,"column":13}}]},"108":{"type":"branch","line":202,"loc":{"start":{"line":202,"column":-1},"end":{"line":202,"column":48}},"locations":[{"start":{"line":202,"column":-1},"end":{"line":202,"column":48}}]},"109":{"type":"branch","line":202,"loc":{"start":{"line":202,"column":48},"end":{"line":202,"column":81}},"locations":[{"start":{"line":202,"column":48},"end":{"line":202,"column":81}}]},"110":{"type":"branch","line":202,"loc":{"start":{"line":202,"column":82},"end":{"line":202,"column":93}},"locations":[{"start":{"line":202,"column":82},"end":{"line":202,"column":93}}]},"111":{"type":"branch","line":203,"loc":{"start":{"line":203,"column":24},"end":{"line":203,"column":58}},"locations":[{"start":{"line":203,"column":24},"end":{"line":203,"column":58}}]},"112":{"type":"branch","line":203,"loc":{"start":{"line":203,"column":58},"end":{"line":203,"column":95}},"locations":[{"start":{"line":203,"column":58},"end":{"line":203,"column":95}}]},"113":{"type":"branch","line":203,"loc":{"start":{"line":203,"column":95},"end":{"line":203,"column":120}},"locations":[{"start":{"line":203,"column":95},"end":{"line":203,"column":120}}]},"114":{"type":"branch","line":203,"loc":{"start":{"line":203,"column":122},"end":{"line":205,"column":13}},"locations":[{"start":{"line":203,"column":122},"end":{"line":205,"column":13}}]},"115":{"type":"branch","line":206,"loc":{"start":{"line":206,"column":-1},"end":{"line":206,"column":48}},"locations":[{"start":{"line":206,"column":-1},"end":{"line":206,"column":48}}]},"116":{"type":"branch","line":206,"loc":{"start":{"line":206,"column":48},"end":{"line":208,"column":13}},"locations":[{"start":{"line":206,"column":48},"end":{"line":208,"column":13}}]},"117":{"type":"branch","line":208,"loc":{"start":{"line":208,"column":13},"end":{"line":214,"column":13}},"locations":[{"start":{"line":208,"column":13},"end":{"line":214,"column":13}}]},"118":{"type":"branch","line":208,"loc":{"start":{"line":208,"column":60},"end":{"line":210,"column":13}},"locations":[{"start":{"line":208,"column":60},"end":{"line":210,"column":13}}]},"119":{"type":"branch","line":210,"loc":{"start":{"line":210,"column":13},"end":{"line":214,"column":13}},"locations":[{"start":{"line":210,"column":13},"end":{"line":214,"column":13}}]},"120":{"type":"branch","line":210,"loc":{"start":{"line":210,"column":36},"end":{"line":210,"column":86}},"locations":[{"start":{"line":210,"column":36},"end":{"line":210,"column":86}}]},"121":{"type":"branch","line":210,"loc":{"start":{"line":210,"column":88},"end":{"line":212,"column":13}},"locations":[{"start":{"line":210,"column":88},"end":{"line":212,"column":13}}]},"122":{"type":"branch","line":212,"loc":{"start":{"line":212,"column":13},"end":{"line":214,"column":13}},"locations":[{"start":{"line":212,"column":13},"end":{"line":214,"column":13}}]},"123":{"type":"branch","line":215,"loc":{"start":{"line":215,"column":-1},"end":{"line":217,"column":9}},"locations":[{"start":{"line":215,"column":-1},"end":{"line":217,"column":9}}]},"124":{"type":"branch","line":218,"loc":{"start":{"line":218,"column":-1},"end":{"line":219,"column":27}},"locations":[{"start":{"line":218,"column":-1},"end":{"line":219,"column":27}}]},"125":{"type":"branch","line":219,"loc":{"start":{"line":219,"column":23},"end":{"line":219,"column":38}},"locations":[{"start":{"line":219,"column":23},"end":{"line":219,"column":38}}]},"126":{"type":"branch","line":219,"loc":{"start":{"line":219,"column":40},"end":{"line":221,"column":9}},"locations":[{"start":{"line":219,"column":40},"end":{"line":221,"column":9}}]},"127":{"type":"branch","line":220,"loc":{"start":{"line":220,"column":61},"end":{"line":220,"column":67}},"locations":[{"start":{"line":220,"column":61},"end":{"line":220,"column":67}}]},"128":{"type":"branch","line":222,"loc":{"start":{"line":222,"column":-1},"end":{"line":223,"column":5}},"locations":[{"start":{"line":222,"column":-1},"end":{"line":223,"column":5}}]}},"b":{"0":[136],"1":[35],"2":[14],"3":[14],"4":[8],"5":[6],"6":[2],"7":[6],"8":[3],"9":[1],"10":[2],"11":[1],"12":[12],"13":[10],"14":[3],"15":[9],"16":[4],"17":[9],"18":[4],"19":[9],"20":[3],"21":[9],"22":[4],"23":[7],"24":[1],"25":[6],"26":[4],"27":[4],"28":[3],"29":[6],"30":[20],"31":[1],"32":[19],"33":[18],"34":[13],"35":[17],"36":[16],"37":[13],"38":[12],"39":[19],"40":[8],"41":[18],"42":[11],"43":[10],"44":[8],"45":[2],"46":[9],"47":[9],"48":[2],"49":[19],"50":[3],"51":[18],"52":[8],"53":[7],"54":[2],"55":[19],"56":[2],"57":[6],"58":[1],"59":[1],"60":[17],"61":[2],"62":[4],"63":[4],"64":[1],"65":[3],"66":[1],"67":[27],"68":[81],"69":[57],"70":[24],"71":[27],"72":[27],"73":[15],"74":[15],"75":[12],"76":[13],"77":[2],"78":[25],"79":[5],"80":[23],"81":[20],"82":[4],"83":[16],"84":[23],"85":[4],"86":[17],"87":[16],"88":[3],"89":[16],"90":[15],"91":[13],"92":[2],"93":[1],"94":[16],"95":[27],"96":[17],"97":[0],"98":[65],"99":[55],"100":[44],"101":[15],"102":[12],"103":[10],"104":[25],"105":[21],"106":[4],"107":[2],"108":[23],"109":[16],"110":[7],"111":[16],"112":[15],"113":[12],"114":[8],"115":[23],"116":[4],"117":[19],"118":[3],"119":[16],"120":[15],"121":[14],"122":[2],"123":[21],"124":[23],"125":[13],"126":[12],"127":[10],"128":[23]},"fnMap":{"0":{"name":"hasWindow","decl":{"start":{"line":15,"column":18},"end":{"line":15,"column":53}},"loc":{"start":{"line":15,"column":18},"end":{"line":15,"column":53}},"line":15},"1":{"name":"hasDocument","decl":{"start":{"line":16,"column":20},"end":{"line":16,"column":57}},"loc":{"start":{"line":16,"column":20},"end":{"line":16,"column":57}},"line":16},"2":{"name":"<instance_members_initializer>","decl":{"start":{"line":20,"column":4},"end":{"line":31,"column":91}},"loc":{"start":{"line":20,"column":4},"end":{"line":31,"column":91}},"line":20},"3":{"name":"Router","decl":{"start":{"line":33,"column":4},"end":{"line":54,"column":5}},"loc":{"start":{"line":33,"column":4},"end":{"line":54,"column":5}},"line":33},"4":{"name":"initialize","decl":{"start":{"line":37,"column":32},"end":{"line":37,"column":42}},"loc":{"start":{"line":37,"column":32},"end":{"line":37,"column":42}},"line":37},"5":{"name":"destroy","decl":{"start":{"line":38,"column":29},"end":{"line":38,"column":39}},"loc":{"start":{"line":38,"column":29},"end":{"line":38,"column":39}},"line":38},"6":{"name":"Router.boundMediatorNavigate","decl":{"start":{"line":50,"column":37},"end":{"line":52,"column":9}},"loc":{"start":{"line":50,"column":37},"end":{"line":52,"column":9}},"line":50},"7":{"name":"initialize","decl":{"start":{"line":57,"column":4},"end":{"line":68,"column":5}},"loc":{"start":{"line":57,"column":4},"end":{"line":68,"column":5}},"line":57},"8":{"name":"addListeners","decl":{"start":{"line":71,"column":4},"end":{"line":78,"column":5}},"loc":{"start":{"line":71,"column":4},"end":{"line":78,"column":5}},"line":71},"9":{"name":"destroy","decl":{"start":{"line":80,"column":4},"end":{"line":83,"column":5}},"loc":{"start":{"line":80,"column":4},"end":{"line":83,"column":5}},"line":80},"10":{"name":"removeListeners","decl":{"start":{"line":86,"column":4},"end":{"line":93,"column":5}},"loc":{"start":{"line":86,"column":4},"end":{"line":93,"column":5}},"line":86},"11":{"name":"eventPushStateClick","decl":{"start":{"line":95,"column":4},"end":{"line":122,"column":5}},"loc":{"start":{"line":95,"column":4},"end":{"line":122,"column":5}},"line":95},"12":{"name":"eventPopState","decl":{"start":{"line":124,"column":4},"end":{"line":129,"column":5}},"loc":{"start":{"line":124,"column":4},"end":{"line":129,"column":5}},"line":124},"13":{"name":"parseQueryString","decl":{"start":{"line":131,"column":4},"end":{"line":133,"column":5}},"loc":{"start":{"line":131,"column":4},"end":{"line":133,"column":5}},"line":131},"14":{"name":"parseUrl","decl":{"start":{"line":135,"column":12},"end":{"line":138,"column":5}},"loc":{"start":{"line":135,"column":12},"end":{"line":138,"column":5}},"line":135},"15":{"name":"normalizeUrl","decl":{"start":{"line":141,"column":12},"end":{"line":144,"column":5}},"loc":{"start":{"line":141,"column":12},"end":{"line":144,"column":5}},"line":141},"16":{"name":"setLocationData","decl":{"start":{"line":146,"column":4},"end":{"line":161,"column":5}},"loc":{"start":{"line":146,"column":4},"end":{"line":161,"column":5}},"line":146},"17":{"name":"applyPageContext","decl":{"start":{"line":163,"column":4},"end":{"line":179,"column":5}},"loc":{"start":{"line":163,"column":4},"end":{"line":179,"column":5}},"line":163},"18":{"name":"navigate","decl":{"start":{"line":181,"column":4},"end":{"line":223,"column":5}},"loc":{"start":{"line":181,"column":4},"end":{"line":223,"column":5}},"line":181}},"f":{"0":136,"1":35,"2":14,"3":14,"4":8,"5":6,"6":2,"7":6,"8":12,"9":4,"10":7,"11":20,"12":4,"13":27,"14":81,"15":27,"16":27,"17":25,"18":27}}
}
