{"total": {"lines":{"total":232,"covered":232,"skipped":0,"pct":100},"statements":{"total":232,"covered":232,"skipped":0,"pct":100},"functions":{"total":19,"covered":19,"skipped":0,"pct":100},"branches":{"total":129,"covered":128,"skipped":0,"pct":99.22},"branchesTrue":{"total":0,"covered":0,"skipped":0,"pct":"Unknown"}}
,"/home/runner/work/white-label-router/white-label-router/src/index.ts": {"lines":{"total":232,"covered":232,"skipped":0,"pct":100},"functions":{"total":19,"covered":19,"skipped":0,"pct":100},"statements":{"total":232,"covered":232,"skipped":0,"pct":100},"branches":{"total":129,"covered":128,"skipped":0,"pct":99.22}}
}
